[Cassette: 'WeatherFacade/creates a weather poro'] Initialized with options: {:record=>:once, :record_on_error=>true, :match_requests_on=>[:method, :uri], :allow_unused_http_interactions=>true, :serialize_with=>:yaml, :persist_with=>:file_system, :persister_options=>{}}
[webmock] Handling request: [get http://api.openweathermap.org/data/2.5/onecall?appid=37cea91a165399595f2871cdb39997a6&lat=39.6937&lon=-105.0152&units=imperial] (disabled: false)
  [Cassette: 'WeatherFacade/creates a weather poro'] Initialized HTTPInteractionList with request matchers [:method, :uri] and 0 interaction(s): {  }
[webmock] Identified request type (recordable) for [get http://api.openweathermap.org/data/2.5/onecall?appid=37cea91a165399595f2871cdb39997a6&lat=39.6937&lon=-105.0152&units=imperial]
[Cassette: 'WeatherFacade/creates a weather poro'] Recorded HTTP interaction [get http://api.openweathermap.org/data/2.5/onecall?appid=37cea91a165399595f2871cdb39997a6&lat=39.6937&lon=-105.0152&units=imperial] => [200 "{\"lat\":39.6937,\"lon\":-105.0152,\"timezone\":\"America/Denver\",\"timezone_offset\":-21"]
[VCR::Configuration] before_record: replacing "37cea91a165399595f2871cdb39997a6" with "appid"
[VCR::Configuration] before_record: replacing "rHX9vGhF4c3KAhJdvoPGu94aAqWkLBEC" with "key"
[VCR::Configuration] before_record: replacing "Bearer lsMrCh28sxnEkIVaLhJYL5bs8rbw8q9QFXiLBzulDGwKEsStjDRYFoyrHQ_NtR5xRzJrbtFtZitiDK9ez0ZQQKj_Q2Xt3I0kHvBZ8EaOcOQdCrF3yL_oWcl95iXxYnYx" with "Authorization"
[Cassette: 'YelpFacade/creates a yelp response'] Initialized with options: {:record=>:once, :record_on_error=>true, :match_requests_on=>[:method, :uri], :allow_unused_http_interactions=>true, :serialize_with=>:yaml, :persist_with=>:file_system, :persister_options=>{}}
[webmock] Handling request: [get https://api.yelp.com/v3/businesses/search?categories=chinese&latitude=39.6937&longitude=-105.0152] (disabled: false)
  [Cassette: 'YelpFacade/creates a yelp response'] Initialized HTTPInteractionList with request matchers [:method, :uri] and 0 interaction(s): {  }
[webmock] Identified request type (recordable) for [get https://api.yelp.com/v3/businesses/search?categories=chinese&latitude=39.6937&longitude=-105.0152]
[Cassette: 'YelpFacade/creates a yelp response'] Recorded HTTP interaction [get https://api.yelp.com/v3/businesses/search?categories=chinese&latitude=39.6937&longitude=-105.0152] => [200 "{\"businesses\": [{\"id\": \"fXA9hf0IfVRtvSEc9mxnPw\", \"alias\": \"star-kitchen-denver\","]
[VCR::Configuration] before_record: replacing "37cea91a165399595f2871cdb39997a6" with "appid"
[VCR::Configuration] before_record: replacing "rHX9vGhF4c3KAhJdvoPGu94aAqWkLBEC" with "key"
[VCR::Configuration] before_record: replacing "Bearer lsMrCh28sxnEkIVaLhJYL5bs8rbw8q9QFXiLBzulDGwKEsStjDRYFoyrHQ_NtR5xRzJrbtFtZitiDK9ez0ZQQKj_Q2Xt3I0kHvBZ8EaOcOQdCrF3yL_oWcl95iXxYnYx" with "Authorization"
[Cassette: 'Location/creates a location poro'] Initialized with options: {:record=>:once, :record_on_error=>true, :match_requests_on=>[:method, :uri], :allow_unused_http_interactions=>true, :serialize_with=>:yaml, :persist_with=>:file_system, :persister_options=>{}}
[webmock] Handling request: [get http://www.mapquestapi.com/geocoding/v1/address?key=rHX9vGhF4c3KAhJdvoPGu94aAqWkLBEC&location=denver,%20co] (disabled: false)
  [Cassette: 'Location/creates a location poro'] Initialized HTTPInteractionList with request matchers [:method, :uri] and 0 interaction(s): {  }
[webmock] Identified request type (recordable) for [get http://www.mapquestapi.com/geocoding/v1/address?key=rHX9vGhF4c3KAhJdvoPGu94aAqWkLBEC&location=denver,%20co]
[Cassette: 'Location/creates a location poro'] Recorded HTTP interaction [get http://www.mapquestapi.com/geocoding/v1/address?key=rHX9vGhF4c3KAhJdvoPGu94aAqWkLBEC&location=denver,%20co] => [200 "{\"info\":{\"statuscode\":0,\"copyright\":{\"text\":\"\xC2\xA9 2022 MapQuest, Inc.\",\"imageUrl\":"]
[VCR::Configuration] before_record: replacing "37cea91a165399595f2871cdb39997a6" with "appid"
[VCR::Configuration] before_record: replacing "rHX9vGhF4c3KAhJdvoPGu94aAqWkLBEC" with "key"
[VCR::Configuration] before_record: replacing "Bearer lsMrCh28sxnEkIVaLhJYL5bs8rbw8q9QFXiLBzulDGwKEsStjDRYFoyrHQ_NtR5xRzJrbtFtZitiDK9ez0ZQQKj_Q2Xt3I0kHvBZ8EaOcOQdCrF3yL_oWcl95iXxYnYx" with "Authorization"
[Cassette: 'Weather/creates a weather poro'] Initialized with options: {:record=>:once, :record_on_error=>true, :match_requests_on=>[:method, :uri], :allow_unused_http_interactions=>true, :serialize_with=>:yaml, :persist_with=>:file_system, :persister_options=>{}}
[webmock] Handling request: [get http://api.openweathermap.org/data/2.5/onecall?appid=37cea91a165399595f2871cdb39997a6&lat=39.6937&lon=-105.0152&units=imperial] (disabled: false)
  [Cassette: 'Weather/creates a weather poro'] Initialized HTTPInteractionList with request matchers [:method, :uri] and 0 interaction(s): {  }
[webmock] Identified request type (recordable) for [get http://api.openweathermap.org/data/2.5/onecall?appid=37cea91a165399595f2871cdb39997a6&lat=39.6937&lon=-105.0152&units=imperial]
[Cassette: 'Weather/creates a weather poro'] Recorded HTTP interaction [get http://api.openweathermap.org/data/2.5/onecall?appid=37cea91a165399595f2871cdb39997a6&lat=39.6937&lon=-105.0152&units=imperial] => [200 "{\"lat\":39.6937,\"lon\":-105.0152,\"timezone\":\"America/Denver\",\"timezone_offset\":-21"]
[VCR::Configuration] before_record: replacing "37cea91a165399595f2871cdb39997a6" with "appid"
[VCR::Configuration] before_record: replacing "rHX9vGhF4c3KAhJdvoPGu94aAqWkLBEC" with "key"
[VCR::Configuration] before_record: replacing "Bearer lsMrCh28sxnEkIVaLhJYL5bs8rbw8q9QFXiLBzulDGwKEsStjDRYFoyrHQ_NtR5xRzJrbtFtZitiDK9ez0ZQQKj_Q2Xt3I0kHvBZ8EaOcOQdCrF3yL_oWcl95iXxYnYx" with "Authorization"
[Cassette: 'Yelp/creates a yelp poro'] Initialized with options: {:record=>:once, :record_on_error=>true, :match_requests_on=>[:method, :uri], :allow_unused_http_interactions=>true, :serialize_with=>:yaml, :persist_with=>:file_system, :persister_options=>{}}
[webmock] Handling request: [get https://api.yelp.com/v3/businesses/search?categories=chinese&latitude=39.6937&longitude=-105.0152] (disabled: false)
  [Cassette: 'Yelp/creates a yelp poro'] Initialized HTTPInteractionList with request matchers [:method, :uri] and 0 interaction(s): {  }
[webmock] Identified request type (recordable) for [get https://api.yelp.com/v3/businesses/search?categories=chinese&latitude=39.6937&longitude=-105.0152]
[Cassette: 'Yelp/creates a yelp poro'] Recorded HTTP interaction [get https://api.yelp.com/v3/businesses/search?categories=chinese&latitude=39.6937&longitude=-105.0152] => [200 "{\"businesses\": [{\"id\": \"fXA9hf0IfVRtvSEc9mxnPw\", \"alias\": \"star-kitchen-denver\","]
[VCR::Configuration] before_record: replacing "37cea91a165399595f2871cdb39997a6" with "appid"
[VCR::Configuration] before_record: replacing "rHX9vGhF4c3KAhJdvoPGu94aAqWkLBEC" with "key"
[VCR::Configuration] before_record: replacing "Bearer lsMrCh28sxnEkIVaLhJYL5bs8rbw8q9QFXiLBzulDGwKEsStjDRYFoyrHQ_NtR5xRzJrbtFtZitiDK9ez0ZQQKj_Q2Xt3I0kHvBZ8EaOcOQdCrF3yL_oWcl95iXxYnYx" with "Authorization"
[Cassette: 'Forecast request/gets forcast for location in desired output'] Initialized with options: {:record=>:once, :record_on_error=>true, :match_requests_on=>[:method, :uri], :allow_unused_http_interactions=>true, :serialize_with=>:yaml, :persist_with=>:file_system, :persister_options=>{}}
[webmock] Handling request: [get http://www.mapquestapi.com/geocoding/v1/address?key=rHX9vGhF4c3KAhJdvoPGu94aAqWkLBEC&location=denver,co] (disabled: false)
  [Cassette: 'Forecast request/gets forcast for location in desired output'] Initialized HTTPInteractionList with request matchers [:method, :uri] and 0 interaction(s): {  }
[webmock] Identified request type (recordable) for [get http://www.mapquestapi.com/geocoding/v1/address?key=rHX9vGhF4c3KAhJdvoPGu94aAqWkLBEC&location=denver,co]
[Cassette: 'Forecast request/gets forcast for location in desired output'] Recorded HTTP interaction [get http://www.mapquestapi.com/geocoding/v1/address?key=rHX9vGhF4c3KAhJdvoPGu94aAqWkLBEC&location=denver,co] => [200 "{\"info\":{\"statuscode\":0,\"copyright\":{\"text\":\"\xC2\xA9 2022 MapQuest, Inc.\",\"imageUrl\":"]
[webmock] Handling request: [get http://api.openweathermap.org/data/2.5/onecall?appid=37cea91a165399595f2871cdb39997a6&lat=39.74001&lon=-104.99202&units=imperial] (disabled: false)
[webmock] Identified request type (recordable) for [get http://api.openweathermap.org/data/2.5/onecall?appid=37cea91a165399595f2871cdb39997a6&lat=39.74001&lon=-104.99202&units=imperial]
[Cassette: 'Forecast request/gets forcast for location in desired output'] Recorded HTTP interaction [get http://api.openweathermap.org/data/2.5/onecall?appid=37cea91a165399595f2871cdb39997a6&lat=39.74001&lon=-104.99202&units=imperial] => [200 "{\"lat\":39.74,\"lon\":-104.992,\"timezone\":\"America/Denver\",\"timezone_offset\":-21600"]
[VCR::Configuration] before_record: replacing "37cea91a165399595f2871cdb39997a6" with "appid"
[VCR::Configuration] before_record: replacing "rHX9vGhF4c3KAhJdvoPGu94aAqWkLBEC" with "key"
[VCR::Configuration] before_record: replacing "Bearer lsMrCh28sxnEkIVaLhJYL5bs8rbw8q9QFXiLBzulDGwKEsStjDRYFoyrHQ_NtR5xRzJrbtFtZitiDK9ez0ZQQKj_Q2Xt3I0kHvBZ8EaOcOQdCrF3yL_oWcl95iXxYnYx" with "Authorization"
[VCR::Configuration] before_record: replacing "37cea91a165399595f2871cdb39997a6" with "appid"
[VCR::Configuration] before_record: replacing "rHX9vGhF4c3KAhJdvoPGu94aAqWkLBEC" with "key"
[VCR::Configuration] before_record: replacing "Bearer lsMrCh28sxnEkIVaLhJYL5bs8rbw8q9QFXiLBzulDGwKEsStjDRYFoyrHQ_NtR5xRzJrbtFtZitiDK9ez0ZQQKj_Q2Xt3I0kHvBZ8EaOcOQdCrF3yL_oWcl95iXxYnYx" with "Authorization"
[Cassette: 'Munchies index/gets information in format requested'] Initialized with options: {:record=>:once, :record_on_error=>true, :match_requests_on=>[:method, :uri], :allow_unused_http_interactions=>true, :serialize_with=>:yaml, :persist_with=>:file_system, :persister_options=>{}}
[webmock] Handling request: [get http://www.mapquestapi.com/geocoding/v1/address?key=rHX9vGhF4c3KAhJdvoPGu94aAqWkLBEC&location=denver,co] (disabled: false)
  [Cassette: 'Munchies index/gets information in format requested'] Initialized HTTPInteractionList with request matchers [:method, :uri] and 0 interaction(s): {  }
[webmock] Identified request type (recordable) for [get http://www.mapquestapi.com/geocoding/v1/address?key=rHX9vGhF4c3KAhJdvoPGu94aAqWkLBEC&location=denver,co]
[Cassette: 'Munchies index/gets information in format requested'] Recorded HTTP interaction [get http://www.mapquestapi.com/geocoding/v1/address?key=rHX9vGhF4c3KAhJdvoPGu94aAqWkLBEC&location=denver,co] => [200 "{\"info\":{\"statuscode\":0,\"copyright\":{\"text\":\"\xC2\xA9 2022 MapQuest, Inc.\",\"imageUrl\":"]
[webmock] Handling request: [get http://api.openweathermap.org/data/2.5/onecall?appid=37cea91a165399595f2871cdb39997a6&lat=39.74001&lon=-104.99202&units=imperial] (disabled: false)
[webmock] Identified request type (recordable) for [get http://api.openweathermap.org/data/2.5/onecall?appid=37cea91a165399595f2871cdb39997a6&lat=39.74001&lon=-104.99202&units=imperial]
[Cassette: 'Munchies index/gets information in format requested'] Recorded HTTP interaction [get http://api.openweathermap.org/data/2.5/onecall?appid=37cea91a165399595f2871cdb39997a6&lat=39.74001&lon=-104.99202&units=imperial] => [200 "{\"lat\":39.74,\"lon\":-104.992,\"timezone\":\"America/Denver\",\"timezone_offset\":-21600"]
[webmock] Handling request: [get https://api.yelp.com/v3/businesses/search?categories=chinese&latitude=39.74001&longitude=-104.99202] (disabled: false)
[webmock] Identified request type (recordable) for [get https://api.yelp.com/v3/businesses/search?categories=chinese&latitude=39.74001&longitude=-104.99202]
[Cassette: 'Munchies index/gets information in format requested'] Recorded HTTP interaction [get https://api.yelp.com/v3/businesses/search?categories=chinese&latitude=39.74001&longitude=-104.99202] => [200 "{\"businesses\": [{\"id\": \"NkjpBZfR4455T7uWvtRN-w\", \"alias\": \"b\\u0103o-brewhouse-de"]
[VCR::Configuration] before_record: replacing "37cea91a165399595f2871cdb39997a6" with "appid"
[VCR::Configuration] before_record: replacing "rHX9vGhF4c3KAhJdvoPGu94aAqWkLBEC" with "key"
[VCR::Configuration] before_record: replacing "Bearer lsMrCh28sxnEkIVaLhJYL5bs8rbw8q9QFXiLBzulDGwKEsStjDRYFoyrHQ_NtR5xRzJrbtFtZitiDK9ez0ZQQKj_Q2Xt3I0kHvBZ8EaOcOQdCrF3yL_oWcl95iXxYnYx" with "Authorization"
[VCR::Configuration] before_record: replacing "37cea91a165399595f2871cdb39997a6" with "appid"
[VCR::Configuration] before_record: replacing "rHX9vGhF4c3KAhJdvoPGu94aAqWkLBEC" with "key"
[VCR::Configuration] before_record: replacing "Bearer lsMrCh28sxnEkIVaLhJYL5bs8rbw8q9QFXiLBzulDGwKEsStjDRYFoyrHQ_NtR5xRzJrbtFtZitiDK9ez0ZQQKj_Q2Xt3I0kHvBZ8EaOcOQdCrF3yL_oWcl95iXxYnYx" with "Authorization"
[VCR::Configuration] before_record: replacing "37cea91a165399595f2871cdb39997a6" with "appid"
[VCR::Configuration] before_record: replacing "rHX9vGhF4c3KAhJdvoPGu94aAqWkLBEC" with "key"
[VCR::Configuration] before_record: replacing "Bearer lsMrCh28sxnEkIVaLhJYL5bs8rbw8q9QFXiLBzulDGwKEsStjDRYFoyrHQ_NtR5xRzJrbtFtZitiDK9ez0ZQQKj_Q2Xt3I0kHvBZ8EaOcOQdCrF3yL_oWcl95iXxYnYx" with "Authorization"
[Cassette: 'Roadtrip request/happy path/can fidn the weather of a location at time of arrival'] Initialized with options: {:record=>:once, :record_on_error=>true, :match_requests_on=>[:method, :uri], :allow_unused_http_interactions=>true, :serialize_with=>:yaml, :persist_with=>:file_system, :persister_options=>{}}
[webmock] Handling request: [get http://www.mapquestapi.com/directions/v2/route?from=Denver,CO&key=rHX9vGhF4c3KAhJdvoPGu94aAqWkLBEC&to=Pueblo,CO] (disabled: false)
  [Cassette: 'Roadtrip request/happy path/can fidn the weather of a location at time of arrival'] Initialized HTTPInteractionList with request matchers [:method, :uri] and 0 interaction(s): {  }
[webmock] Identified request type (recordable) for [get http://www.mapquestapi.com/directions/v2/route?from=Denver,CO&key=rHX9vGhF4c3KAhJdvoPGu94aAqWkLBEC&to=Pueblo,CO]
[Cassette: 'Roadtrip request/happy path/can fidn the weather of a location at time of arrival'] Recorded HTTP interaction [get http://www.mapquestapi.com/directions/v2/route?from=Denver,CO&key=rHX9vGhF4c3KAhJdvoPGu94aAqWkLBEC&to=Pueblo,CO] => [200 "{\"route\":{\"sessionId\":\"AIMA5wcAAKEAAAAGAAAAEQAAAJ8AAAB42mOYz8DAyMTAwMCekVqUapWcK"]
[webmock] Handling request: [get http://www.mapquestapi.com/geocoding/v1/address?key=rHX9vGhF4c3KAhJdvoPGu94aAqWkLBEC&location=Denver,CO] (disabled: false)
[webmock] Identified request type (recordable) for [get http://www.mapquestapi.com/geocoding/v1/address?key=rHX9vGhF4c3KAhJdvoPGu94aAqWkLBEC&location=Denver,CO]
[Cassette: 'Roadtrip request/happy path/can fidn the weather of a location at time of arrival'] Recorded HTTP interaction [get http://www.mapquestapi.com/geocoding/v1/address?key=rHX9vGhF4c3KAhJdvoPGu94aAqWkLBEC&location=Denver,CO] => [200 "{\"info\":{\"statuscode\":0,\"copyright\":{\"text\":\"\xC2\xA9 2022 MapQuest, Inc.\",\"imageUrl\":"]
[webmock] Handling request: [get http://www.mapquestapi.com/geocoding/v1/address?key=rHX9vGhF4c3KAhJdvoPGu94aAqWkLBEC&location=Pueblo,CO] (disabled: false)
[webmock] Identified request type (recordable) for [get http://www.mapquestapi.com/geocoding/v1/address?key=rHX9vGhF4c3KAhJdvoPGu94aAqWkLBEC&location=Pueblo,CO]
[Cassette: 'Roadtrip request/happy path/can fidn the weather of a location at time of arrival'] Recorded HTTP interaction [get http://www.mapquestapi.com/geocoding/v1/address?key=rHX9vGhF4c3KAhJdvoPGu94aAqWkLBEC&location=Pueblo,CO] => [200 "{\"info\":{\"statuscode\":0,\"copyright\":{\"text\":\"\xC2\xA9 2022 MapQuest, Inc.\",\"imageUrl\":"]
[webmock] Handling request: [get http://api.openweathermap.org/data/2.5/onecall?appid=37cea91a165399595f2871cdb39997a6&lat=38.26375&lon=-104.61252&units=imperial] (disabled: false)
[webmock] Identified request type (recordable) for [get http://api.openweathermap.org/data/2.5/onecall?appid=37cea91a165399595f2871cdb39997a6&lat=38.26375&lon=-104.61252&units=imperial]
[Cassette: 'Roadtrip request/happy path/can fidn the weather of a location at time of arrival'] Recorded HTTP interaction [get http://api.openweathermap.org/data/2.5/onecall?appid=37cea91a165399595f2871cdb39997a6&lat=38.26375&lon=-104.61252&units=imperial] => [200 "{\"lat\":38.2638,\"lon\":-104.6125,\"timezone\":\"America/Denver\",\"timezone_offset\":-21"]
[VCR::Configuration] before_record: replacing "37cea91a165399595f2871cdb39997a6" with "appid"
[VCR::Configuration] before_record: replacing "rHX9vGhF4c3KAhJdvoPGu94aAqWkLBEC" with "key"
[VCR::Configuration] before_record: replacing "Bearer lsMrCh28sxnEkIVaLhJYL5bs8rbw8q9QFXiLBzulDGwKEsStjDRYFoyrHQ_NtR5xRzJrbtFtZitiDK9ez0ZQQKj_Q2Xt3I0kHvBZ8EaOcOQdCrF3yL_oWcl95iXxYnYx" with "Authorization"
[VCR::Configuration] before_record: replacing "37cea91a165399595f2871cdb39997a6" with "appid"
[VCR::Configuration] before_record: replacing "rHX9vGhF4c3KAhJdvoPGu94aAqWkLBEC" with "key"
[VCR::Configuration] before_record: replacing "Bearer lsMrCh28sxnEkIVaLhJYL5bs8rbw8q9QFXiLBzulDGwKEsStjDRYFoyrHQ_NtR5xRzJrbtFtZitiDK9ez0ZQQKj_Q2Xt3I0kHvBZ8EaOcOQdCrF3yL_oWcl95iXxYnYx" with "Authorization"
[VCR::Configuration] before_record: replacing "37cea91a165399595f2871cdb39997a6" with "appid"
[VCR::Configuration] before_record: replacing "rHX9vGhF4c3KAhJdvoPGu94aAqWkLBEC" with "key"
[VCR::Configuration] before_record: replacing "Bearer lsMrCh28sxnEkIVaLhJYL5bs8rbw8q9QFXiLBzulDGwKEsStjDRYFoyrHQ_NtR5xRzJrbtFtZitiDK9ez0ZQQKj_Q2Xt3I0kHvBZ8EaOcOQdCrF3yL_oWcl95iXxYnYx" with "Authorization"
[VCR::Configuration] before_record: replacing "37cea91a165399595f2871cdb39997a6" with "appid"
[VCR::Configuration] before_record: replacing "rHX9vGhF4c3KAhJdvoPGu94aAqWkLBEC" with "key"
[VCR::Configuration] before_record: replacing "Bearer lsMrCh28sxnEkIVaLhJYL5bs8rbw8q9QFXiLBzulDGwKEsStjDRYFoyrHQ_NtR5xRzJrbtFtZitiDK9ez0ZQQKj_Q2Xt3I0kHvBZ8EaOcOQdCrF3yL_oWcl95iXxYnYx" with "Authorization"
[Cassette: 'Roadtrip request/happy path/can fine weather days away'] Initialized with options: {:record=>:once, :record_on_error=>true, :match_requests_on=>[:method, :uri], :allow_unused_http_interactions=>true, :serialize_with=>:yaml, :persist_with=>:file_system, :persister_options=>{}}
[webmock] Handling request: [get http://www.mapquestapi.com/directions/v2/route?from=Denver,CO&key=rHX9vGhF4c3KAhJdvoPGu94aAqWkLBEC&to=Panama%20City,%20Panama] (disabled: false)
  [Cassette: 'Roadtrip request/happy path/can fine weather days away'] Initialized HTTPInteractionList with request matchers [:method, :uri] and 0 interaction(s): {  }
[webmock] Identified request type (recordable) for [get http://www.mapquestapi.com/directions/v2/route?from=Denver,CO&key=rHX9vGhF4c3KAhJdvoPGu94aAqWkLBEC&to=Panama%20City,%20Panama]
[Cassette: 'Roadtrip request/happy path/can fine weather days away'] Recorded HTTP interaction [get http://www.mapquestapi.com/directions/v2/route?from=Denver,CO&key=rHX9vGhF4c3KAhJdvoPGu94aAqWkLBEC&to=Panama%20City,%20Panama] => [200 "{\"route\":{\"sessionId\":\"AEIE5wcAAKEAAAAGAAAAEQAAAHUGAAB42nVUQW8bRRT-ZjJOZ5fLeLuJE"]
[webmock] Handling request: [get http://www.mapquestapi.com/geocoding/v1/address?key=rHX9vGhF4c3KAhJdvoPGu94aAqWkLBEC&location=Denver,CO] (disabled: false)
[webmock] Identified request type (recordable) for [get http://www.mapquestapi.com/geocoding/v1/address?key=rHX9vGhF4c3KAhJdvoPGu94aAqWkLBEC&location=Denver,CO]
[Cassette: 'Roadtrip request/happy path/can fine weather days away'] Recorded HTTP interaction [get http://www.mapquestapi.com/geocoding/v1/address?key=rHX9vGhF4c3KAhJdvoPGu94aAqWkLBEC&location=Denver,CO] => [200 "{\"info\":{\"statuscode\":0,\"copyright\":{\"text\":\"\xC2\xA9 2022 MapQuest, Inc.\",\"imageUrl\":"]
[webmock] Handling request: [get http://www.mapquestapi.com/geocoding/v1/address?key=rHX9vGhF4c3KAhJdvoPGu94aAqWkLBEC&location=Panama%20City,%20Panama] (disabled: false)
[webmock] Identified request type (recordable) for [get http://www.mapquestapi.com/geocoding/v1/address?key=rHX9vGhF4c3KAhJdvoPGu94aAqWkLBEC&location=Panama%20City,%20Panama]
[Cassette: 'Roadtrip request/happy path/can fine weather days away'] Recorded HTTP interaction [get http://www.mapquestapi.com/geocoding/v1/address?key=rHX9vGhF4c3KAhJdvoPGu94aAqWkLBEC&location=Panama%20City,%20Panama] => [200 "{\"info\":{\"statuscode\":0,\"copyright\":{\"text\":\"\xC2\xA9 2022 MapQuest, Inc.\",\"imageUrl\":"]
[webmock] Handling request: [get http://api.openweathermap.org/data/2.5/onecall?appid=37cea91a165399595f2871cdb39997a6&lat=8.95239&lon=-79.53539&units=imperial] (disabled: false)
[webmock] Identified request type (recordable) for [get http://api.openweathermap.org/data/2.5/onecall?appid=37cea91a165399595f2871cdb39997a6&lat=8.95239&lon=-79.53539&units=imperial]
[Cassette: 'Roadtrip request/happy path/can fine weather days away'] Recorded HTTP interaction [get http://api.openweathermap.org/data/2.5/onecall?appid=37cea91a165399595f2871cdb39997a6&lat=8.95239&lon=-79.53539&units=imperial] => [200 "{\"lat\":8.9524,\"lon\":-79.5354,\"timezone\":\"America/Panama\",\"timezone_offset\":-1800"]
[VCR::Configuration] before_record: replacing "37cea91a165399595f2871cdb39997a6" with "appid"
[VCR::Configuration] before_record: replacing "rHX9vGhF4c3KAhJdvoPGu94aAqWkLBEC" with "key"
[VCR::Configuration] before_record: replacing "Bearer lsMrCh28sxnEkIVaLhJYL5bs8rbw8q9QFXiLBzulDGwKEsStjDRYFoyrHQ_NtR5xRzJrbtFtZitiDK9ez0ZQQKj_Q2Xt3I0kHvBZ8EaOcOQdCrF3yL_oWcl95iXxYnYx" with "Authorization"
[VCR::Configuration] before_record: replacing "37cea91a165399595f2871cdb39997a6" with "appid"
[VCR::Configuration] before_record: replacing "rHX9vGhF4c3KAhJdvoPGu94aAqWkLBEC" with "key"
[VCR::Configuration] before_record: replacing "Bearer lsMrCh28sxnEkIVaLhJYL5bs8rbw8q9QFXiLBzulDGwKEsStjDRYFoyrHQ_NtR5xRzJrbtFtZitiDK9ez0ZQQKj_Q2Xt3I0kHvBZ8EaOcOQdCrF3yL_oWcl95iXxYnYx" with "Authorization"
[VCR::Configuration] before_record: replacing "37cea91a165399595f2871cdb39997a6" with "appid"
[VCR::Configuration] before_record: replacing "rHX9vGhF4c3KAhJdvoPGu94aAqWkLBEC" with "key"
[VCR::Configuration] before_record: replacing "Bearer lsMrCh28sxnEkIVaLhJYL5bs8rbw8q9QFXiLBzulDGwKEsStjDRYFoyrHQ_NtR5xRzJrbtFtZitiDK9ez0ZQQKj_Q2Xt3I0kHvBZ8EaOcOQdCrF3yL_oWcl95iXxYnYx" with "Authorization"
[VCR::Configuration] before_record: replacing "37cea91a165399595f2871cdb39997a6" with "appid"
[VCR::Configuration] before_record: replacing "rHX9vGhF4c3KAhJdvoPGu94aAqWkLBEC" with "key"
[VCR::Configuration] before_record: replacing "Bearer lsMrCh28sxnEkIVaLhJYL5bs8rbw8q9QFXiLBzulDGwKEsStjDRYFoyrHQ_NtR5xRzJrbtFtZitiDK9ez0ZQQKj_Q2Xt3I0kHvBZ8EaOcOQdCrF3yL_oWcl95iXxYnYx" with "Authorization"
[Cassette: 'Roadtrip request/sad path/will not return weather is route is impossible'] Initialized with options: {:record=>:once, :record_on_error=>true, :match_requests_on=>[:method, :uri], :allow_unused_http_interactions=>true, :serialize_with=>:yaml, :persist_with=>:file_system, :persister_options=>{}}
[webmock] Handling request: [get http://www.mapquestapi.com/directions/v2/route?from=Denver,CO&key=rHX9vGhF4c3KAhJdvoPGu94aAqWkLBEC&to=London,%20UK] (disabled: false)
  [Cassette: 'Roadtrip request/sad path/will not return weather is route is impossible'] Initialized HTTPInteractionList with request matchers [:method, :uri] and 0 interaction(s): {  }
[webmock] Identified request type (recordable) for [get http://www.mapquestapi.com/directions/v2/route?from=Denver,CO&key=rHX9vGhF4c3KAhJdvoPGu94aAqWkLBEC&to=London,%20UK]
[Cassette: 'Roadtrip request/sad path/will not return weather is route is impossible'] Recorded HTTP interaction [get http://www.mapquestapi.com/directions/v2/route?from=Denver,CO&key=rHX9vGhF4c3KAhJdvoPGu94aAqWkLBEC&to=London,%20UK] => [200 "{\"route\":{\"routeError\":{\"errorCode\":2,\"message\":\"\"}},\"info\":{\"statuscode\":402,\"c"]
[webmock] Handling request: [get http://www.mapquestapi.com/geocoding/v1/address?key=rHX9vGhF4c3KAhJdvoPGu94aAqWkLBEC&location=Denver,CO] (disabled: false)
[webmock] Identified request type (recordable) for [get http://www.mapquestapi.com/geocoding/v1/address?key=rHX9vGhF4c3KAhJdvoPGu94aAqWkLBEC&location=Denver,CO]
[Cassette: 'Roadtrip request/sad path/will not return weather is route is impossible'] Recorded HTTP interaction [get http://www.mapquestapi.com/geocoding/v1/address?key=rHX9vGhF4c3KAhJdvoPGu94aAqWkLBEC&location=Denver,CO] => [200 "{\"info\":{\"statuscode\":0,\"copyright\":{\"text\":\"\xC2\xA9 2022 MapQuest, Inc.\",\"imageUrl\":"]
[webmock] Handling request: [get http://www.mapquestapi.com/geocoding/v1/address?key=rHX9vGhF4c3KAhJdvoPGu94aAqWkLBEC&location=London,%20UK] (disabled: false)
[webmock] Identified request type (recordable) for [get http://www.mapquestapi.com/geocoding/v1/address?key=rHX9vGhF4c3KAhJdvoPGu94aAqWkLBEC&location=London,%20UK]
[Cassette: 'Roadtrip request/sad path/will not return weather is route is impossible'] Recorded HTTP interaction [get http://www.mapquestapi.com/geocoding/v1/address?key=rHX9vGhF4c3KAhJdvoPGu94aAqWkLBEC&location=London,%20UK] => [200 "{\"info\":{\"statuscode\":0,\"copyright\":{\"text\":\"\xC2\xA9 2022 MapQuest, Inc.\",\"imageUrl\":"]
[webmock] Handling request: [get http://api.openweathermap.org/data/2.5/onecall?appid=37cea91a165399595f2871cdb39997a6&lat=51.50643&lon=-0.12719&units=imperial] (disabled: false)
[webmock] Identified request type (recordable) for [get http://api.openweathermap.org/data/2.5/onecall?appid=37cea91a165399595f2871cdb39997a6&lat=51.50643&lon=-0.12719&units=imperial]
[Cassette: 'Roadtrip request/sad path/will not return weather is route is impossible'] Recorded HTTP interaction [get http://api.openweathermap.org/data/2.5/onecall?appid=37cea91a165399595f2871cdb39997a6&lat=51.50643&lon=-0.12719&units=imperial] => [200 "{\"lat\":51.5064,\"lon\":-0.1272,\"timezone\":\"Europe/London\",\"timezone_offset\":3600,\""]
[VCR::Configuration] before_record: replacing "37cea91a165399595f2871cdb39997a6" with "appid"
[VCR::Configuration] before_record: replacing "rHX9vGhF4c3KAhJdvoPGu94aAqWkLBEC" with "key"
[VCR::Configuration] before_record: replacing "Bearer lsMrCh28sxnEkIVaLhJYL5bs8rbw8q9QFXiLBzulDGwKEsStjDRYFoyrHQ_NtR5xRzJrbtFtZitiDK9ez0ZQQKj_Q2Xt3I0kHvBZ8EaOcOQdCrF3yL_oWcl95iXxYnYx" with "Authorization"
[VCR::Configuration] before_record: replacing "37cea91a165399595f2871cdb39997a6" with "appid"
[VCR::Configuration] before_record: replacing "rHX9vGhF4c3KAhJdvoPGu94aAqWkLBEC" with "key"
[VCR::Configuration] before_record: replacing "Bearer lsMrCh28sxnEkIVaLhJYL5bs8rbw8q9QFXiLBzulDGwKEsStjDRYFoyrHQ_NtR5xRzJrbtFtZitiDK9ez0ZQQKj_Q2Xt3I0kHvBZ8EaOcOQdCrF3yL_oWcl95iXxYnYx" with "Authorization"
[VCR::Configuration] before_record: replacing "37cea91a165399595f2871cdb39997a6" with "appid"
[VCR::Configuration] before_record: replacing "rHX9vGhF4c3KAhJdvoPGu94aAqWkLBEC" with "key"
[VCR::Configuration] before_record: replacing "Bearer lsMrCh28sxnEkIVaLhJYL5bs8rbw8q9QFXiLBzulDGwKEsStjDRYFoyrHQ_NtR5xRzJrbtFtZitiDK9ez0ZQQKj_Q2Xt3I0kHvBZ8EaOcOQdCrF3yL_oWcl95iXxYnYx" with "Authorization"
[VCR::Configuration] before_record: replacing "37cea91a165399595f2871cdb39997a6" with "appid"
[VCR::Configuration] before_record: replacing "rHX9vGhF4c3KAhJdvoPGu94aAqWkLBEC" with "key"
[VCR::Configuration] before_record: replacing "Bearer lsMrCh28sxnEkIVaLhJYL5bs8rbw8q9QFXiLBzulDGwKEsStjDRYFoyrHQ_NtR5xRzJrbtFtZitiDK9ez0ZQQKj_Q2Xt3I0kHvBZ8EaOcOQdCrF3yL_oWcl95iXxYnYx" with "Authorization"
[Cassette: 'LocationService/can find lat lon from city and state'] Initialized with options: {:record=>:once, :record_on_error=>true, :match_requests_on=>[:method, :uri], :allow_unused_http_interactions=>true, :serialize_with=>:yaml, :persist_with=>:file_system, :persister_options=>{}}
[webmock] Handling request: [get http://www.mapquestapi.com/geocoding/v1/address?key=rHX9vGhF4c3KAhJdvoPGu94aAqWkLBEC&location=denver,%20co] (disabled: false)
  [Cassette: 'LocationService/can find lat lon from city and state'] Initialized HTTPInteractionList with request matchers [:method, :uri] and 0 interaction(s): {  }
[webmock] Identified request type (recordable) for [get http://www.mapquestapi.com/geocoding/v1/address?key=rHX9vGhF4c3KAhJdvoPGu94aAqWkLBEC&location=denver,%20co]
[Cassette: 'LocationService/can find lat lon from city and state'] Recorded HTTP interaction [get http://www.mapquestapi.com/geocoding/v1/address?key=rHX9vGhF4c3KAhJdvoPGu94aAqWkLBEC&location=denver,%20co] => [200 "{\"info\":{\"statuscode\":0,\"copyright\":{\"text\":\"\xC2\xA9 2022 MapQuest, Inc.\",\"imageUrl\":"]
[VCR::Configuration] before_record: replacing "37cea91a165399595f2871cdb39997a6" with "appid"
[VCR::Configuration] before_record: replacing "rHX9vGhF4c3KAhJdvoPGu94aAqWkLBEC" with "key"
[VCR::Configuration] before_record: replacing "Bearer lsMrCh28sxnEkIVaLhJYL5bs8rbw8q9QFXiLBzulDGwKEsStjDRYFoyrHQ_NtR5xRzJrbtFtZitiDK9ez0ZQQKj_Q2Xt3I0kHvBZ8EaOcOQdCrF3yL_oWcl95iXxYnYx" with "Authorization"
[Cassette: 'WeatherService/gets weather based on location'] Initialized with options: {:record=>:once, :record_on_error=>true, :match_requests_on=>[:method, :uri], :allow_unused_http_interactions=>true, :serialize_with=>:yaml, :persist_with=>:file_system, :persister_options=>{}}
[webmock] Handling request: [get http://api.openweathermap.org/data/2.5/onecall?appid=37cea91a165399595f2871cdb39997a6&lat=39.6937&lon=-105.0152&units=imperial] (disabled: false)
  [Cassette: 'WeatherService/gets weather based on location'] Initialized HTTPInteractionList with request matchers [:method, :uri] and 0 interaction(s): {  }
[webmock] Identified request type (recordable) for [get http://api.openweathermap.org/data/2.5/onecall?appid=37cea91a165399595f2871cdb39997a6&lat=39.6937&lon=-105.0152&units=imperial]
[Cassette: 'WeatherService/gets weather based on location'] Recorded HTTP interaction [get http://api.openweathermap.org/data/2.5/onecall?appid=37cea91a165399595f2871cdb39997a6&lat=39.6937&lon=-105.0152&units=imperial] => [200 "{\"lat\":39.6937,\"lon\":-105.0152,\"timezone\":\"America/Denver\",\"timezone_offset\":-21"]
[VCR::Configuration] before_record: replacing "37cea91a165399595f2871cdb39997a6" with "appid"
[VCR::Configuration] before_record: replacing "rHX9vGhF4c3KAhJdvoPGu94aAqWkLBEC" with "key"
[VCR::Configuration] before_record: replacing "Bearer lsMrCh28sxnEkIVaLhJYL5bs8rbw8q9QFXiLBzulDGwKEsStjDRYFoyrHQ_NtR5xRzJrbtFtZitiDK9ez0ZQQKj_Q2Xt3I0kHvBZ8EaOcOQdCrF3yL_oWcl95iXxYnYx" with "Authorization"
[Cassette: 'YelpService/gets restaurant based on categories'] Initialized with options: {:record=>:once, :record_on_error=>true, :match_requests_on=>[:method, :uri], :allow_unused_http_interactions=>true, :serialize_with=>:yaml, :persist_with=>:file_system, :persister_options=>{}}
[webmock] Handling request: [get https://api.yelp.com/v3/businesses/search?categories=chinese&latitude=39.6937&longitude=-105.0152] (disabled: false)
  [Cassette: 'YelpService/gets restaurant based on categories'] Initialized HTTPInteractionList with request matchers [:method, :uri] and 0 interaction(s): {  }
[webmock] Identified request type (recordable) for [get https://api.yelp.com/v3/businesses/search?categories=chinese&latitude=39.6937&longitude=-105.0152]
[Cassette: 'YelpService/gets restaurant based on categories'] Recorded HTTP interaction [get https://api.yelp.com/v3/businesses/search?categories=chinese&latitude=39.6937&longitude=-105.0152] => [200 "{\"businesses\": [{\"id\": \"fXA9hf0IfVRtvSEc9mxnPw\", \"alias\": \"star-kitchen-denver\","]
[VCR::Configuration] before_record: replacing "37cea91a165399595f2871cdb39997a6" with "appid"
[VCR::Configuration] before_record: replacing "rHX9vGhF4c3KAhJdvoPGu94aAqWkLBEC" with "key"
[VCR::Configuration] before_record: replacing "Bearer lsMrCh28sxnEkIVaLhJYL5bs8rbw8q9QFXiLBzulDGwKEsStjDRYFoyrHQ_NtR5xRzJrbtFtZitiDK9ez0ZQQKj_Q2Xt3I0kHvBZ8EaOcOQdCrF3yL_oWcl95iXxYnYx" with "Authorization"
